<?xml version="1.0" encoding="UTF-8"?>
<testng-results skipped="0" failed="0" ignored="0" total="2" passed="2">
  <reporter-output>
  </reporter-output>
  <suite name="用户管理系统测试套件" duration-ms="719" started-at="2018-11-30T06:37:26Z" finished-at="2018-11-30T06:37:27Z">
    <groups>
      <group name="loginTrue">
        <method signature="LoginTest.loginTrue()[pri:0, instance:com.test.jenkins.cases.LoginTest@6aaa5eb0]" name="loginTrue" class="com.test.jenkins.cases.LoginTest"/>
      </group> <!-- loginTrue -->
      <group name="loginFalse">
        <method signature="LoginTest.loginFalse()[pri:0, instance:com.test.jenkins.cases.LoginTest@6aaa5eb0]" name="loginFalse" class="com.test.jenkins.cases.LoginTest"/>
      </group> <!-- loginFalse -->
    </groups>
    <test name="用户管理系统测试用例" duration-ms="719" started-at="2018-11-30T06:37:26Z" finished-at="2018-11-30T06:37:27Z">
      <class name="com.test.jenkins.cases.LoginTest">
        <test-method status="PASS" signature="beforeTest()[pri:0, instance:com.test.jenkins.cases.LoginTest@6aaa5eb0]" name="beforeTest" is-config="true" duration-ms="37" started-at="2018-11-30T14:37:26Z" description="测试准备工作，获取HttpClient对象" finished-at="2018-11-30T14:37:26Z">
          <reporter-output>
          </reporter-output>
        </test-method> <!-- beforeTest -->
        <test-method status="PASS" signature="loginTrue()[pri:0, instance:com.test.jenkins.cases.LoginTest@6aaa5eb0]" name="loginTrue" duration-ms="619" started-at="2018-11-30T14:37:26Z" description="用户登陆成功接口测试" finished-at="2018-11-30T14:37:27Z">
          <reporter-output>
          </reporter-output>
        </test-method> <!-- loginTrue -->
        <test-method status="PASS" signature="loginFalse()[pri:0, instance:com.test.jenkins.cases.LoginTest@6aaa5eb0]" name="loginFalse" duration-ms="48" started-at="2018-11-30T14:37:27Z" description="用户登陆失败接口测试" finished-at="2018-11-30T14:37:27Z">
          <reporter-output>
          </reporter-output>
        </test-method> <!-- loginFalse -->
      </class> <!-- com.test.jenkins.cases.LoginTest -->
    </test> <!-- 用户管理系统测试用例 -->
  </suite> <!-- 用户管理系统测试套件 -->
</testng-results>
