<?xml version="1.0" encoding="UTF-8"?>
<testsuite xmlns:xsi="http://www.w3.org/2001/XMLSchema-instance" xsi:noNamespaceSchemaLocation="https://maven.apache.org/surefire/maven-surefire-plugin/xsd/surefire-test-report.xsd" name="TestSuite" time="1.881" tests="2" errors="0" skipped="0" failures="2">
  <properties>
[...]
</properties>
  <testcase name="loginTrue" classname="com.test.jenkins.cases.LoginTest" time="0.695">
    <failure message="Connection to http://localhost:8889 refused" type="org.apache.http.conn.HttpHostConnectException">org.apache.http.conn.HttpHostConnectException: Connection to http://localhost:8889 refused
	at com.test.jenkins.cases.LoginTest.getResult(LoginTest.java:75)
	at com.test.jenkins.cases.LoginTest.loginTrue(LoginTest.java:42)
Caused by: java.net.ConnectException: Connection refused
	at com.test.jenkins.cases.LoginTest.getResult(LoginTest.java:75)
	at com.test.jenkins.cases.LoginTest.loginTrue(LoginTest.java:42)
</failure>
    <system-out><![CDATA[[TestNGContentHandler] [WARN] It is strongly recommended to add "<!DOCTYPE suite SYSTEM "http://testng.org/testng-1.0.dtd" >" at the top of your file, otherwise TestNG may fail or not work as expected.
LoginCase(id=1, userName=wujing, password=123123, expected={"result":"true"})
http://localhost:8889/v1/login
]]></system-out>
  </testcase>
  <testcase name="loginFalse" classname="com.test.jenkins.cases.LoginTest" time="0.035">
    <failure message="Connection to http://localhost:8889 refused" type="org.apache.http.conn.HttpHostConnectException">org.apache.http.conn.HttpHostConnectException: Connection to http://localhost:8889 refused
	at com.test.jenkins.cases.LoginTest.getResult(LoginTest.java:75)
	at com.test.jenkins.cases.LoginTest.loginFalse(LoginTest.java:56)
Caused by: java.net.ConnectException: Connection refused
	at com.test.jenkins.cases.LoginTest.getResult(LoginTest.java:75)
	at com.test.jenkins.cases.LoginTest.loginFalse(LoginTest.java:56)
</failure>
    <system-out><![CDATA[LoginCase(id=2, userName=wuyihang, password=123123, expected=false)
http://localhost:8889/v1/login
]]></system-out>
  </testcase>
</testsuite>