<?xml version="1.0" encoding="UTF-8"?>
<!-- Generated by org.testng.reporters.JUnitXMLReporter -->
<testsuite hostname="wujings-MBP.lan" ignored="0" name="httpclient report" tests="2" failures="1" timestamp="29 Nov 2018 23:26:06 GMT" time="0.831" errors="0">
  <testcase name="loginFalse" time="0.701" classname="wj.test.httpclient.cases.LoginTest">
    <failure type="java.lang.AssertionError" message="expected [false] but found []">
      <![CDATA[java.lang.AssertionError: expected [false] but found []
at wj.test.httpclient.cases.LoginTest.loginFalse(LoginTest.java:57)
... Removed 31 stack frames]]>
    </failure>
  </testcase> <!-- loginFalse -->
  <testcase name="loginTrue" time="0.05" classname="wj.test.httpclient.cases.LoginTest"/>
</testsuite> <!-- httpclient report -->
