<?xml version="1.0" encoding="UTF-8"?>
<testng-results skipped="0" failed="0" ignored="0" total="2" passed="2">
  <reporter-output>
  </reporter-output>
  <suite name="Default suite" duration-ms="782" started-at="2018-11-30T06:36:32Z" finished-at="2018-11-30T06:36:33Z">
    <groups>
      <group name="loginTrue">
        <method signature="LoginTest.loginTrue()[pri:0, instance:com.test.jenkins.cases.LoginTest@4520ebad]" name="loginTrue" class="com.test.jenkins.cases.LoginTest"/>
      </group> <!-- loginTrue -->
      <group name="loginFalse">
        <method signature="LoginTest.loginFalse()[pri:0, instance:com.test.jenkins.cases.LoginTest@4520ebad]" name="loginFalse" class="com.test.jenkins.cases.LoginTest"/>
      </group> <!-- loginFalse -->
    </groups>
    <test name="Default test" duration-ms="782" started-at="2018-11-30T06:36:32Z" finished-at="2018-11-30T06:36:33Z">
      <class name="com.test.jenkins.cases.LoginTest">
        <test-method status="PASS" signature="beforeTest()[pri:0, instance:com.test.jenkins.cases.LoginTest@4520ebad]" name="beforeTest" is-config="true" duration-ms="44" started-at="2018-11-30T14:36:32Z" description="测试准备工作，获取HttpClient对象" finished-at="2018-11-30T14:36:32Z">
          <reporter-output>
          </reporter-output>
        </test-method> <!-- beforeTest -->
        <test-method status="PASS" signature="loginFalse()[pri:0, instance:com.test.jenkins.cases.LoginTest@4520ebad]" name="loginFalse" duration-ms="669" started-at="2018-11-30T14:36:32Z" description="用户登陆失败接口测试" finished-at="2018-11-30T14:36:33Z">
          <reporter-output>
          </reporter-output>
        </test-method> <!-- loginFalse -->
        <test-method status="PASS" signature="loginTrue()[pri:0, instance:com.test.jenkins.cases.LoginTest@4520ebad]" name="loginTrue" duration-ms="38" started-at="2018-11-30T14:36:33Z" description="用户登陆成功接口测试" finished-at="2018-11-30T14:36:33Z">
          <reporter-output>
          </reporter-output>
        </test-method> <!-- loginTrue -->
      </class> <!-- com.test.jenkins.cases.LoginTest -->
    </test> <!-- Default test -->
  </suite> <!-- Default suite -->
</testng-results>
