<?xml version="1.0" encoding="UTF-8"?>
<!-- Generated by org.testng.reporters.JUnitXMLReporter -->
<testsuite hostname="wujings-MBP.lan" ignored="0" name="用户管理系统测试用例" tests="2" failures="1" timestamp="30 Nov 2018 06:16:48 GMT" time="0.816" errors="0">
  <testcase name="loginTrue" time="0.69" classname="com.test.jenkins.cases.LoginTest"/>
  <testcase name="loginFalse" time="0.044" classname="com.test.jenkins.cases.LoginTest">
    <failure type="java.lang.AssertionError" message="expected [] but found [false]">
      <![CDATA[java.lang.AssertionError: expected [] but found [false]
	at com.test.jenkins.cases.LoginTest.loginFalse(LoginTest.java:58)
... Removed 31 stack frames]]>
    </failure>
  </testcase> <!-- loginFalse -->
</testsuite> <!-- 用户管理系统测试用例 -->
