<?xml version="1.0" encoding="UTF-8"?>
<!-- Generated by org.testng.reporters.JUnitXMLReporter -->
<testsuite hostname="wujings-MBP.lan" ignored="0" name="用户管理系统测试用例" tests="2" failures="2" timestamp="30 Nov 2018 06:20:40 GMT" time="0.786" errors="0">
  <testcase name="loginTrue" time="0.687" classname="com.test.jenkins.cases.LoginTest">
    <failure type="org.apache.http.conn.HttpHostConnectException" message="Connection to http://localhost:8889 refused">
      <![CDATA[org.apache.http.conn.HttpHostConnectException: Connection to http://localhost:8889 refused
	at org.apache.http.impl.conn.DefaultClientConnectionOperator.openConnection(DefaultClientConnectionOperator.java:158)
	at org.apache.http.impl.conn.AbstractPoolEntry.open(AbstractPoolEntry.java:149)
	at org.apache.http.impl.conn.AbstractPooledConnAdapter.open(AbstractPooledConnAdapter.java:121)
	at org.apache.http.impl.client.DefaultRequestDirector.tryConnect(DefaultRequestDirector.java:573)
	at org.apache.http.impl.client.DefaultRequestDirector.execute(DefaultRequestDirector.java:425)
	at org.apache.http.impl.client.AbstractHttpClient.execute(AbstractHttpClient.java:820)
	at org.apache.http.impl.client.AbstractHttpClient.execute(AbstractHttpClient.java:754)
	at org.apache.http.impl.client.AbstractHttpClient.execute(AbstractHttpClient.java:732)
	at com.test.jenkins.cases.LoginTest.getResult(LoginTest.java:75)
	at com.test.jenkins.cases.LoginTest.loginTrue(LoginTest.java:42)
Caused by: java.net.ConnectException: Connection refused
	at java.net.PlainSocketImpl.socketConnect(Native Method)
	at java.net.AbstractPlainSocketImpl.doConnect(AbstractPlainSocketImpl.java:345)
	at java.net.AbstractPlainSocketImpl.connectToAddress(AbstractPlainSocketImpl.java:206)
	at java.net.AbstractPlainSocketImpl.connect(AbstractPlainSocketImpl.java:188)
	at java.net.SocksSocketImpl.connect(SocksSocketImpl.java:392)
	at java.net.Socket.connect(Socket.java:589)
	at org.apache.http.conn.scheme.PlainSocketFactory.connectSocket(PlainSocketFactory.java:123)
	at org.apache.http.impl.conn.DefaultClientConnectionOperator.openConnection(DefaultClientConnectionOperator.java:148)
	... 38 more
... Removed 29 stack frames]]>
    </failure>
  </testcase> <!-- loginTrue -->
  <testcase name="loginFalse" time="0.039" classname="com.test.jenkins.cases.LoginTest">
    <failure type="org.apache.http.conn.HttpHostConnectException" message="Connection to http://localhost:8889 refused">
      <![CDATA[org.apache.http.conn.HttpHostConnectException: Connection to http://localhost:8889 refused
	at org.apache.http.impl.conn.DefaultClientConnectionOperator.openConnection(DefaultClientConnectionOperator.java:158)
	at org.apache.http.impl.conn.AbstractPoolEntry.open(AbstractPoolEntry.java:149)
	at org.apache.http.impl.conn.AbstractPooledConnAdapter.open(AbstractPooledConnAdapter.java:121)
	at org.apache.http.impl.client.DefaultRequestDirector.tryConnect(DefaultRequestDirector.java:573)
	at org.apache.http.impl.client.DefaultRequestDirector.execute(DefaultRequestDirector.java:425)
	at org.apache.http.impl.client.AbstractHttpClient.execute(AbstractHttpClient.java:820)
	at org.apache.http.impl.client.AbstractHttpClient.execute(AbstractHttpClient.java:754)
	at org.apache.http.impl.client.AbstractHttpClient.execute(AbstractHttpClient.java:732)
	at com.test.jenkins.cases.LoginTest.getResult(LoginTest.java:75)
	at com.test.jenkins.cases.LoginTest.loginFalse(LoginTest.java:56)
Caused by: java.net.ConnectException: Connection refused
	at java.net.PlainSocketImpl.socketConnect(Native Method)
	at java.net.AbstractPlainSocketImpl.doConnect(AbstractPlainSocketImpl.java:345)
	at java.net.AbstractPlainSocketImpl.connectToAddress(AbstractPlainSocketImpl.java:206)
	at java.net.AbstractPlainSocketImpl.connect(AbstractPlainSocketImpl.java:188)
	at java.net.SocksSocketImpl.connect(SocksSocketImpl.java:392)
	at java.net.Socket.connect(Socket.java:589)
	at org.apache.http.conn.scheme.PlainSocketFactory.connectSocket(PlainSocketFactory.java:123)
	at org.apache.http.impl.conn.DefaultClientConnectionOperator.openConnection(DefaultClientConnectionOperator.java:148)
	... 38 more
... Removed 29 stack frames]]>
    </failure>
  </testcase> <!-- loginFalse -->
</testsuite> <!-- 用户管理系统测试用例 -->
